                Time          Cycles PC       Instr    Mnemonic
                9501               7 zzzzzz00 000fa103 lw               x2, 0(x31)           x2=0000000a x31:xxxxxxxx  PA:xxxxxxxx
               10501               8 xxxxxxxx 000fa103 lw               x2, 0(x31)           x2=0000000a x31:xxxxxxxx  PA:xxxxxxxx
               11501               9 xxxxxxxx 000fa103 lw               x2, 0(x31)           x2=0000000a x31:xxxxxxxx  PA:xxxxxxxx
               12501              10 xxxxxxxx 000fa103 lw               x2, 0(x31)           x2=0000000a x31:xxxxxxxx  PA:xxxxxxxx
               13501              11 xxxxxxxx 000fa103 lw               x2, 0(x31)           x2=0000000a x31:xxxxxxxx  PA:xxxxxxxx
               14501              12 xxxxxxxx 000fa103 lw               x2, 0(x31)           x2=0000000a x31:xxxxxxxx  PA:xxxxxxxx
               15501              13 xxxxxxxx 000fa103 lw               x2, 0(x31)           x2=0000000a x31:xxxxxxxx  PA:xxxxxxxx
               16501              14 xxxxxxxx 000fa103 lw               x2, 0(x31)           x2=0000000a x31:xxxxxxxx  PA:xxxxxxxx
               17501              15 xxxxxxxx 000fa103 lw               x2, 0(x31)           x2=0000000a x31:xxxxxxxx  PA:xxxxxxxx
               18501              16 xxxxxxxx 000fa103 lw               x2, 0(x31)           x2=0000000a x31:xxxxxxxx  PA:xxxxxxxx
               19501              17 xxxxxxxx 000fa103 lw               x2, 0(x31)           x2=0000000a x31:xxxxxxxx  PA:xxxxxxxx
               20501              18 xxxxxxxx 000fa103 lw               x2, 0(x31)           x2=0000000a x31:xxxxxxxx  PA:xxxxxxxx
               21501              19 xxxxxxxx 000fa183 lw               x3, 0(x31)           x3=0000000a x31:xxxxxxxx  PA:xxxxxxxx
               22501              20 xxxxxxxx 000fa183 lw               x3, 0(x31)           x3=0000000a x31:xxxxxxxx  PA:xxxxxxxx
               23501              21 xxxxxxxx 000fa183 lw               x3, 0(x31)           x3=0000000a x31:xxxxxxxx  PA:xxxxxxxx
               24501              22 xxxxxxxx 000fa183 lw               x3, 0(x31)           x3=0000000a x31:xxxxxxxx  PA:xxxxxxxx
               25501              23 xxxxxxxx 000fa183 lw               x3, 0(x31)           x3=0000000a x31:xxxxxxxx  PA:xxxxxxxx
               26501              24 xxxxxxxx 000fa183 lw               x3, 0(x31)           x3=0000000a x31:xxxxxxxx  PA:xxxxxxxx
               27501              25 xxxxxxxx 000fa183 lw               x3, 0(x31)           x3=0000000a x31:xxxxxxxx  PA:xxxxxxxx
               28501              26 xxxxxxxx 000fa183 lw               x3, 0(x31)           x3=0000000a x31:xxxxxxxx  PA:xxxxxxxx
               29501              27 xxxxxxxx 000fa183 lw               x3, 0(x31)           x3=0000000a x31:xxxxxxxx  PA:xxxxxxxx
               30501              28 xxxxxxxx 000fa183 lw               x3, 0(x31)           x3=0000000a x31:xxxxxxxx  PA:xxxxxxxx
               31501              29 xxxxxxxx 000fa183 lw               x3, 0(x31)           x3=0000000a x31:xxxxxxxx  PA:xxxxxxxx
               32501              30 xxxxxxxx 000fa183 lw               x3, 0(x31)           x3=0000000a x31:xxxxxxxx  PA:xxxxxxxx
               33501              31 xxxxxxxx 000fa183 lw               x3, 0(x31)           x3=0000000a x31:xxxxxxxx  PA:xxxxxxxx
               34501              32 xxxxxxxx 000fa183 lw               x3, 0(x31)           x3=0000000a x31:xxxxxxxx  PA:xxxxxxxx
               35501              33 xxxxxxxx 000fa183 lw               x3, 0(x31)           x3=0000000a x31:xxxxxxxx  PA:xxxxxxxx
               37501              35 xxxxxxxx 002180b3 add              x1, x3, x2           x1=00000014  x3:0000000a  x2:0000000a
               38501              36 xxxxxxxx 002180b3 add              x1, x3, x2           x1=00000014  x3:0000000a  x2:0000000a
               39501              37 xxxxxxxX 002180b3 add              x1, x3, x2           x1=00000014  x3:0000000a  x2:0000000a
               40501              38 xxxxxxxX 002180b3 add              x1, x3, x2           x1=00000014  x3:0000000a  x2:0000000a
               41501              39 xxxxxxxX 002180b3 add              x1, x3, x2           x1=00000014  x3:0000000a  x2:0000000a
               42501              40 xxxxxxxX 002180b3 add              x1, x3, x2           x1=00000014  x3:0000000a  x2:0000000a
               43501              41 xxxxxxxX 002180b3 add              x1, x3, x2           x1=00000014  x3:0000000a  x2:0000000a
               44501              42 xxxxxxxX 002180b3 add              x1, x3, x2           x1=00000014  x3:0000000a  x2:0000000a
               45501              43 xxxxxxxX 002180b3 add              x1, x3, x2           x1=00000014  x3:0000000a  x2:0000000a
               46501              44 xxxxxxxX 002180b3 add              x1, x3, x2           x1=00000014  x3:0000000a  x2:0000000a
               47501              45 xxxxxxxX 002180b3 add              x1, x3, x2           x1=00000014  x3:0000000a  x2:0000000a
               48501              46 xxxxxxxX 002180b3 add              x1, x3, x2           x1=00000014  x3:0000000a  x2:0000000a
               49501              47 xxxxxxxX 002180b3 add              x1, x3, x2           x1=00000014  x3:0000000a  x2:0000000a
               50501              48 xxxxxxxX 002180b3 add              x1, x3, x2           x1=00000014  x3:0000000a  x2:0000000a
               51501              49 xxxxxxxX 002180b3 add              x1, x3, x2           x1=00000014  x3:0000000a  x2:0000000a
               52501              50 xxxxxxxX 001fa023 sw               x1, 0(x31)           x1:00000014 x31:xxxxxxxx  PA:xxxxxxxx
