                Time          Cycles PC       Instr    Mnemonic
                9501               7 zzzzzz00 000fa103 lw               x2, 0(x31)           x2=00000003 x31:00000000  PA:00000000
               10501               8 xxxxxxxx 000fa103 lw               x2, 0(x31)           x2=00000003 x31:00000000  PA:00000000
               11501               9 xxxxxxxx 000fa103 lw               x2, 0(x31)           x2=00000003 x31:00000000  PA:00000000
               12501              10 xxxxxxxx 000fa103 lw               x2, 0(x31)           x2=00000003 x31:00000000  PA:00000000
               13501              11 xxxxxxxx 000fa103 lw               x2, 0(x31)           x2=00000003 x31:00000000  PA:00000000
               14501              12 xxxxxxxx 000fa103 lw               x2, 0(x31)           x2=00000003 x31:00000000  PA:00000000
               15501              13 xxxxxxxx 000fa103 lw               x2, 0(x31)           x2=00000003 x31:00000000  PA:00000000
               16501              14 xxxxxxxx 000fa103 lw               x2, 0(x31)           x2=00000003 x31:00000000  PA:00000000
               17501              15 xxxxxxxx 000fa103 lw               x2, 0(x31)           x2=00000003 x31:00000000  PA:00000000
               18501              16 xxxxxxxx 000fa103 lw               x2, 0(x31)           x2=00000003 x31:00000000  PA:00000000
               19501              17 xxxxxxxx 000fa103 lw               x2, 0(x31)           x2=00000003 x31:00000000  PA:00000000
               20501              18 xxxxxxxx 000fa103 lw               x2, 0(x31)           x2=00000003 x31:00000000  PA:00000000
               21501              19 xxxxxxxx 000fa183 lw               x3, 0(x31)           x3=00000003 x31:00000000  PA:00000000
               22501              20 xxxxxxxx 000fa183 lw               x3, 0(x31)           x3=00000003 x31:00000000  PA:00000000
               23501              21 xxxxxxxx 000fa183 lw               x3, 0(x31)           x3=00000005 x31:00000000  PA:00000000
               24501              22 xxxxxxxx 000fa183 lw               x3, 0(x31)           x3=00000005 x31:00000000  PA:00000000
               25501              23 xxxxxxxx 000fa183 lw               x3, 0(x31)           x3=00000005 x31:00000000  PA:00000000
               26501              24 xxxxxxxx 000fa183 lw               x3, 0(x31)           x3=00000005 x31:00000000  PA:00000000
               27501              25 xxxxxxxx 000fa183 lw               x3, 0(x31)           x3=00000005 x31:00000000  PA:00000000
               28501              26 xxxxxxxx 000fa183 lw               x3, 0(x31)           x3=00000005 x31:00000000  PA:00000000
               29501              27 xxxxxxxx 000fa183 lw               x3, 0(x31)           x3=00000005 x31:00000000  PA:00000000
               30501              28 xxxxxxxx 000fa183 lw               x3, 0(x31)           x3=00000005 x31:00000000  PA:00000000
               31501              29 xxxxxxxx 000fa183 lw               x3, 0(x31)           x3=00000005 x31:00000000  PA:00000000
               32501              30 xxxxxxxx 000fa183 lw               x3, 0(x31)           x3=00000005 x31:00000000  PA:00000000
               33501              31 xxxxxxxx 000fa183 lw               x3, 0(x31)           x3=00000005 x31:00000000  PA:00000000
               34501              32 xxxxxxxx 000fa183 lw               x3, 0(x31)           x3=00000005 x31:00000000  PA:00000000
               35501              33 xxxxxxxx 000fa183 lw               x3, 0(x31)           x3=00000005 x31:00000000  PA:00000000
               37501              35 xxxxxxxx 002180b3 add              x1, x3, x2           x1=00000008  x3:00000005  x2:00000003
               38501              36 xxxxxxxx 002180b3 add              x1, x3, x2           x1=00000008  x3:00000005  x2:00000003
               39501              37 xxxxxxxX 002180b3 add              x1, x3, x2           x1=00000008  x3:00000005  x2:00000003
               40501              38 xxxxxxxX 002180b3 add              x1, x3, x2           x1=00000008  x3:00000005  x2:00000003
               41501              39 xxxxxxxX 002180b3 add              x1, x3, x2           x1=00000008  x3:00000005  x2:00000003
